Sep 01, 2024 11:10:08 AM net.adarw.Main <init>
INFO: Initializing Server...
Sep 01, 2024 11:10:13 AM net.adarw.Main <init>
INFO: Server is active in port 8579!
Sep 01, 2024 11:10:15 AM net.adarw.alertListner.gui.Alert init
INFO: 3
Sep 01, 2024 11:10:15 AM net.adarw.alertListner.gui.Alert init
INFO: 7
Sep 01, 2024 11:10:15 AM net.adarw.alertListner.gui.Alert init
INFO: 9
Sep 01, 2024 11:10:15 AM net.adarw.alertListner.gui.Alert init
INFO: 8
Sep 01, 2024 11:10:16 AM net.adarw.alertListner.gui.Alert init
INFO: 1
Sep 01, 2024 11:10:16 AM net.adarw.alertListner.gui.Alert init
INFO: 4
Sep 01, 2024 11:10:16 AM net.adarw.alertListner.gui.Alert init
INFO: 6
Sep 01, 2024 11:10:16 AM net.adarw.alertListner.gui.Alert init
INFO: 11
Sep 01, 2024 11:10:16 AM net.adarw.alertListner.gui.Alert init
INFO: 5
Sep 01, 2024 11:10:16 AM net.adarw.alertListner.gui.Alert init
INFO: 2
Sep 01, 2024 11:10:17 AM net.adarw.alertListner.gui.Alert init
INFO: 10
Sep 01, 2024 11:10:53 AM fi.iki.elonen.NanoHTTPD$Response send
SEVERE: Could not send response to the client
java.net.SocketException: Broken pipe
	at java.base/sun.nio.ch.SocketDispatcher.write0(Native Method)
	at java.base/sun.nio.ch.SocketDispatcher.write(SocketDispatcher.java:62)
	at java.base/sun.nio.ch.NioSocketImpl.tryWrite(NioSocketImpl.java:394)
	at java.base/sun.nio.ch.NioSocketImpl.implWrite(NioSocketImpl.java:410)
	at java.base/sun.nio.ch.NioSocketImpl.write(NioSocketImpl.java:440)
	at java.base/sun.nio.ch.NioSocketImpl$2.write(NioSocketImpl.java:819)
	at java.base/java.net.Socket$SocketOutputStream.write(Socket.java:1195)
	at java.base/java.io.OutputStream.write(OutputStream.java:124)
	at fi.iki.elonen.NanoHTTPD$Response$ChunkedOutputStream.write(NanoHTTPD.java:1259)
	at fi.iki.elonen.NanoHTTPD$Response$ChunkedOutputStream.write(NanoHTTPD.java:1252)
	at java.base/java.util.zip.GZIPOutputStream.writeHeader(GZIPOutputStream.java:191)
	at java.base/java.util.zip.GZIPOutputStream.<init>(GZIPOutputStream.java:97)
	at java.base/java.util.zip.GZIPOutputStream.<init>(GZIPOutputStream.java:112)
	at fi.iki.elonen.NanoHTTPD$Response.sendBodyWithCorrectEncoding(NanoHTTPD.java:1449)
	at fi.iki.elonen.NanoHTTPD$Response.sendBodyWithCorrectTransferAndEncoding(NanoHTTPD.java:1440)
	at fi.iki.elonen.NanoHTTPD$Response.send(NanoHTTPD.java:1429)
	at fi.iki.elonen.NanoHTTPD$HTTPSession.execute(NanoHTTPD.java:852)
	at fi.iki.elonen.NanoHTTPD$ClientHandler.run(NanoHTTPD.java:189)
	at java.base/java.lang.Thread.run(Thread.java:1583)

Sep 01, 2024 11:10:53 AM fi.iki.elonen.NanoHTTPD$Response send
SEVERE: Could not send response to the client
java.net.SocketException: Broken pipe
	at java.base/sun.nio.ch.SocketDispatcher.write0(Native Method)
	at java.base/sun.nio.ch.SocketDispatcher.write(SocketDispatcher.java:62)
	at java.base/sun.nio.ch.NioSocketImpl.tryWrite(NioSocketImpl.java:394)
	at java.base/sun.nio.ch.NioSocketImpl.implWrite(NioSocketImpl.java:410)
	at java.base/sun.nio.ch.NioSocketImpl.write(NioSocketImpl.java:440)
	at java.base/sun.nio.ch.NioSocketImpl$2.write(NioSocketImpl.java:819)
	at java.base/java.net.Socket$SocketOutputStream.write(Socket.java:1195)
	at java.base/java.io.OutputStream.write(OutputStream.java:124)
	at fi.iki.elonen.NanoHTTPD$Response$ChunkedOutputStream.write(NanoHTTPD.java:1259)
	at fi.iki.elonen.NanoHTTPD$Response$ChunkedOutputStream.write(NanoHTTPD.java:1252)
	at java.base/java.util.zip.GZIPOutputStream.writeHeader(GZIPOutputStream.java:191)
	at java.base/java.util.zip.GZIPOutputStream.<init>(GZIPOutputStream.java:97)
	at java.base/java.util.zip.GZIPOutputStream.<init>(GZIPOutputStream.java:112)
	at fi.iki.elonen.NanoHTTPD$Response.sendBodyWithCorrectEncoding(NanoHTTPD.java:1449)
	at fi.iki.elonen.NanoHTTPD$Response.sendBodyWithCorrectTransferAndEncoding(NanoHTTPD.java:1440)
	at fi.iki.elonen.NanoHTTPD$Response.send(NanoHTTPD.java:1429)
	at fi.iki.elonen.NanoHTTPD$HTTPSession.execute(NanoHTTPD.java:852)
	at fi.iki.elonen.NanoHTTPD$ClientHandler.run(NanoHTTPD.java:189)
	at java.base/java.lang.Thread.run(Thread.java:1583)

Sep 01, 2024 11:11:03 AM fi.iki.elonen.NanoHTTPD$Response send
SEVERE: Could not send response to the client
java.net.SocketException: Broken pipe
	at java.base/sun.nio.ch.SocketDispatcher.write0(Native Method)
	at java.base/sun.nio.ch.SocketDispatcher.write(SocketDispatcher.java:62)
	at java.base/sun.nio.ch.NioSocketImpl.tryWrite(NioSocketImpl.java:394)
	at java.base/sun.nio.ch.NioSocketImpl.implWrite(NioSocketImpl.java:410)
	at java.base/sun.nio.ch.NioSocketImpl.write(NioSocketImpl.java:440)
	at java.base/sun.nio.ch.NioSocketImpl$2.write(NioSocketImpl.java:819)
	at java.base/java.net.Socket$SocketOutputStream.write(Socket.java:1195)
	at java.base/java.io.OutputStream.write(OutputStream.java:124)
	at fi.iki.elonen.NanoHTTPD$Response$ChunkedOutputStream.write(NanoHTTPD.java:1259)
	at fi.iki.elonen.NanoHTTPD$Response$ChunkedOutputStream.write(NanoHTTPD.java:1252)
	at java.base/java.util.zip.GZIPOutputStream.writeHeader(GZIPOutputStream.java:191)
	at java.base/java.util.zip.GZIPOutputStream.<init>(GZIPOutputStream.java:97)
	at java.base/java.util.zip.GZIPOutputStream.<init>(GZIPOutputStream.java:112)
	at fi.iki.elonen.NanoHTTPD$Response.sendBodyWithCorrectEncoding(NanoHTTPD.java:1449)
	at fi.iki.elonen.NanoHTTPD$Response.sendBodyWithCorrectTransferAndEncoding(NanoHTTPD.java:1440)
	at fi.iki.elonen.NanoHTTPD$Response.send(NanoHTTPD.java:1429)
	at fi.iki.elonen.NanoHTTPD$HTTPSession.execute(NanoHTTPD.java:852)
	at fi.iki.elonen.NanoHTTPD$ClientHandler.run(NanoHTTPD.java:189)
	at java.base/java.lang.Thread.run(Thread.java:1583)

Sep 01, 2024 11:11:23 AM fi.iki.elonen.NanoHTTPD$Response send
SEVERE: Could not send response to the client
java.net.SocketException: Broken pipe
	at java.base/sun.nio.ch.SocketDispatcher.write0(Native Method)
	at java.base/sun.nio.ch.SocketDispatcher.write(SocketDispatcher.java:62)
	at java.base/sun.nio.ch.NioSocketImpl.tryWrite(NioSocketImpl.java:394)
	at java.base/sun.nio.ch.NioSocketImpl.implWrite(NioSocketImpl.java:410)
	at java.base/sun.nio.ch.NioSocketImpl.write(NioSocketImpl.java:440)
	at java.base/sun.nio.ch.NioSocketImpl$2.write(NioSocketImpl.java:819)
	at java.base/java.net.Socket$SocketOutputStream.write(Socket.java:1195)
	at java.base/java.io.OutputStream.write(OutputStream.java:124)
	at fi.iki.elonen.NanoHTTPD$Response$ChunkedOutputStream.write(NanoHTTPD.java:1259)
	at fi.iki.elonen.NanoHTTPD$Response$ChunkedOutputStream.write(NanoHTTPD.java:1252)
	at java.base/java.util.zip.GZIPOutputStream.writeHeader(GZIPOutputStream.java:191)
	at java.base/java.util.zip.GZIPOutputStream.<init>(GZIPOutputStream.java:97)
	at java.base/java.util.zip.GZIPOutputStream.<init>(GZIPOutputStream.java:112)
	at fi.iki.elonen.NanoHTTPD$Response.sendBodyWithCorrectEncoding(NanoHTTPD.java:1449)
	at fi.iki.elonen.NanoHTTPD$Response.sendBodyWithCorrectTransferAndEncoding(NanoHTTPD.java:1440)
	at fi.iki.elonen.NanoHTTPD$Response.send(NanoHTTPD.java:1429)
	at fi.iki.elonen.NanoHTTPD$HTTPSession.execute(NanoHTTPD.java:852)
	at fi.iki.elonen.NanoHTTPD$ClientHandler.run(NanoHTTPD.java:189)
	at java.base/java.lang.Thread.run(Thread.java:1583)

Sep 01, 2024 11:11:33 AM fi.iki.elonen.NanoHTTPD$Response send
SEVERE: Could not send response to the client
java.net.SocketException: Broken pipe
	at java.base/sun.nio.ch.SocketDispatcher.write0(Native Method)
	at java.base/sun.nio.ch.SocketDispatcher.write(SocketDispatcher.java:62)
	at java.base/sun.nio.ch.NioSocketImpl.tryWrite(NioSocketImpl.java:394)
	at java.base/sun.nio.ch.NioSocketImpl.implWrite(NioSocketImpl.java:410)
	at java.base/sun.nio.ch.NioSocketImpl.write(NioSocketImpl.java:440)
	at java.base/sun.nio.ch.NioSocketImpl$2.write(NioSocketImpl.java:819)
	at java.base/java.net.Socket$SocketOutputStream.write(Socket.java:1195)
	at java.base/java.io.OutputStream.write(OutputStream.java:124)
	at fi.iki.elonen.NanoHTTPD$Response$ChunkedOutputStream.write(NanoHTTPD.java:1259)
	at fi.iki.elonen.NanoHTTPD$Response$ChunkedOutputStream.write(NanoHTTPD.java:1252)
	at java.base/java.util.zip.GZIPOutputStream.writeHeader(GZIPOutputStream.java:191)
	at java.base/java.util.zip.GZIPOutputStream.<init>(GZIPOutputStream.java:97)
	at java.base/java.util.zip.GZIPOutputStream.<init>(GZIPOutputStream.java:112)
	at fi.iki.elonen.NanoHTTPD$Response.sendBodyWithCorrectEncoding(NanoHTTPD.java:1449)
	at fi.iki.elonen.NanoHTTPD$Response.sendBodyWithCorrectTransferAndEncoding(NanoHTTPD.java:1440)
	at fi.iki.elonen.NanoHTTPD$Response.send(NanoHTTPD.java:1429)
	at fi.iki.elonen.NanoHTTPD$HTTPSession.execute(NanoHTTPD.java:852)
	at fi.iki.elonen.NanoHTTPD$ClientHandler.run(NanoHTTPD.java:189)
	at java.base/java.lang.Thread.run(Thread.java:1583)

Sep 01, 2024 11:11:42 AM fi.iki.elonen.NanoHTTPD$Response send
SEVERE: Could not send response to the client
java.net.SocketException: Broken pipe
	at java.base/sun.nio.ch.SocketDispatcher.write0(Native Method)
	at java.base/sun.nio.ch.SocketDispatcher.write(SocketDispatcher.java:62)
	at java.base/sun.nio.ch.NioSocketImpl.tryWrite(NioSocketImpl.java:394)
	at java.base/sun.nio.ch.NioSocketImpl.implWrite(NioSocketImpl.java:410)
	at java.base/sun.nio.ch.NioSocketImpl.write(NioSocketImpl.java:440)
	at java.base/sun.nio.ch.NioSocketImpl$2.write(NioSocketImpl.java:819)
	at java.base/java.net.Socket$SocketOutputStream.write(Socket.java:1195)
	at java.base/java.io.OutputStream.write(OutputStream.java:124)
	at fi.iki.elonen.NanoHTTPD$Response$ChunkedOutputStream.write(NanoHTTPD.java:1259)
	at fi.iki.elonen.NanoHTTPD$Response$ChunkedOutputStream.write(NanoHTTPD.java:1252)
	at java.base/java.util.zip.GZIPOutputStream.writeHeader(GZIPOutputStream.java:191)
	at java.base/java.util.zip.GZIPOutputStream.<init>(GZIPOutputStream.java:97)
	at java.base/java.util.zip.GZIPOutputStream.<init>(GZIPOutputStream.java:112)
	at fi.iki.elonen.NanoHTTPD$Response.sendBodyWithCorrectEncoding(NanoHTTPD.java:1449)
	at fi.iki.elonen.NanoHTTPD$Response.sendBodyWithCorrectTransferAndEncoding(NanoHTTPD.java:1440)
	at fi.iki.elonen.NanoHTTPD$Response.send(NanoHTTPD.java:1429)
	at fi.iki.elonen.NanoHTTPD$HTTPSession.execute(NanoHTTPD.java:852)
	at fi.iki.elonen.NanoHTTPD$ClientHandler.run(NanoHTTPD.java:189)
	at java.base/java.lang.Thread.run(Thread.java:1583)

Sep 01, 2024 11:11:43 AM fi.iki.elonen.NanoHTTPD$Response send
SEVERE: Could not send response to the client
java.net.SocketException: Broken pipe
	at java.base/sun.nio.ch.SocketDispatcher.write0(Native Method)
	at java.base/sun.nio.ch.SocketDispatcher.write(SocketDispatcher.java:62)
	at java.base/sun.nio.ch.NioSocketImpl.tryWrite(NioSocketImpl.java:394)
	at java.base/sun.nio.ch.NioSocketImpl.implWrite(NioSocketImpl.java:410)
	at java.base/sun.nio.ch.NioSocketImpl.write(NioSocketImpl.java:440)
	at java.base/sun.nio.ch.NioSocketImpl$2.write(NioSocketImpl.java:819)
	at java.base/java.net.Socket$SocketOutputStream.write(Socket.java:1195)
	at java.base/java.io.OutputStream.write(OutputStream.java:124)
	at fi.iki.elonen.NanoHTTPD$Response$ChunkedOutputStream.write(NanoHTTPD.java:1259)
	at fi.iki.elonen.NanoHTTPD$Response$ChunkedOutputStream.write(NanoHTTPD.java:1252)
	at java.base/java.util.zip.GZIPOutputStream.writeHeader(GZIPOutputStream.java:191)
	at java.base/java.util.zip.GZIPOutputStream.<init>(GZIPOutputStream.java:97)
	at java.base/java.util.zip.GZIPOutputStream.<init>(GZIPOutputStream.java:112)
	at fi.iki.elonen.NanoHTTPD$Response.sendBodyWithCorrectEncoding(NanoHTTPD.java:1449)
	at fi.iki.elonen.NanoHTTPD$Response.sendBodyWithCorrectTransferAndEncoding(NanoHTTPD.java:1440)
	at fi.iki.elonen.NanoHTTPD$Response.send(NanoHTTPD.java:1429)
	at fi.iki.elonen.NanoHTTPD$HTTPSession.execute(NanoHTTPD.java:852)
	at fi.iki.elonen.NanoHTTPD$ClientHandler.run(NanoHTTPD.java:189)
	at java.base/java.lang.Thread.run(Thread.java:1583)

Sep 01, 2024 11:11:53 AM fi.iki.elonen.NanoHTTPD$Response send
SEVERE: Could not send response to the client
java.net.SocketException: Broken pipe
	at java.base/sun.nio.ch.SocketDispatcher.write0(Native Method)
	at java.base/sun.nio.ch.SocketDispatcher.write(SocketDispatcher.java:62)
	at java.base/sun.nio.ch.NioSocketImpl.tryWrite(NioSocketImpl.java:394)
	at java.base/sun.nio.ch.NioSocketImpl.implWrite(NioSocketImpl.java:410)
	at java.base/sun.nio.ch.NioSocketImpl.write(NioSocketImpl.java:440)
	at java.base/sun.nio.ch.NioSocketImpl$2.write(NioSocketImpl.java:819)
	at java.base/java.net.Socket$SocketOutputStream.write(Socket.java:1195)
	at java.base/java.io.OutputStream.write(OutputStream.java:124)
	at fi.iki.elonen.NanoHTTPD$Response$ChunkedOutputStream.write(NanoHTTPD.java:1259)
	at fi.iki.elonen.NanoHTTPD$Response$ChunkedOutputStream.write(NanoHTTPD.java:1252)
	at java.base/java.util.zip.GZIPOutputStream.writeHeader(GZIPOutputStream.java:191)
	at java.base/java.util.zip.GZIPOutputStream.<init>(GZIPOutputStream.java:97)
	at java.base/java.util.zip.GZIPOutputStream.<init>(GZIPOutputStream.java:112)
	at fi.iki.elonen.NanoHTTPD$Response.sendBodyWithCorrectEncoding(NanoHTTPD.java:1449)
	at fi.iki.elonen.NanoHTTPD$Response.sendBodyWithCorrectTransferAndEncoding(NanoHTTPD.java:1440)
	at fi.iki.elonen.NanoHTTPD$Response.send(NanoHTTPD.java:1429)
	at fi.iki.elonen.NanoHTTPD$HTTPSession.execute(NanoHTTPD.java:852)
	at fi.iki.elonen.NanoHTTPD$ClientHandler.run(NanoHTTPD.java:189)
	at java.base/java.lang.Thread.run(Thread.java:1583)

Sep 01, 2024 11:12:28 AM net.adarw.Main <init>
INFO: Initializing Server...
Sep 01, 2024 11:12:28 AM net.adarw.Main <init>
INFO: Server is active in port 8579!
Sep 01, 2024 11:12:29 AM net.adarw.alertListner.gui.Alert init
INFO: 2
Sep 01, 2024 11:12:29 AM net.adarw.alertListner.gui.Alert init
INFO: 11
Sep 01, 2024 11:12:29 AM net.adarw.alertListner.gui.Alert init
INFO: 10
Sep 01, 2024 11:12:29 AM net.adarw.alertListner.gui.Alert init
INFO: 4
Sep 01, 2024 11:12:29 AM net.adarw.alertListner.gui.Alert init
INFO: 8
Sep 01, 2024 11:12:29 AM net.adarw.alertListner.gui.Alert init
INFO: 6
Sep 01, 2024 11:12:29 AM net.adarw.alertListner.gui.Alert init
INFO: 5
Sep 01, 2024 11:12:29 AM net.adarw.alertListner.gui.Alert init
INFO: 7
Sep 01, 2024 11:12:30 AM net.adarw.alertListner.gui.Alert init
INFO: 1
Sep 01, 2024 11:12:30 AM net.adarw.alertListner.gui.Alert init
INFO: 3
Sep 01, 2024 11:12:30 AM net.adarw.alertListner.gui.Alert init
INFO: 9
