Sep 02, 2024 6:25:36 PM net.adarw.Main <init>
INFO: Initializing Server...
Sep 02, 2024 6:25:38 PM net.adarw.Main <init>
INFO: Server is active in port 8579!
Sep 02, 2024 6:25:40 PM net.adarw.alertListner.gui.Alert init
INFO: 6
Sep 02, 2024 6:25:40 PM net.adarw.alertListner.gui.Alert init
INFO: 8
Sep 02, 2024 6:25:40 PM net.adarw.alertListner.gui.Alert init
INFO: 2
Sep 02, 2024 6:25:40 PM net.adarw.alertListner.gui.Alert init
INFO: 3
Sep 02, 2024 6:25:41 PM net.adarw.alertListner.gui.Alert init
INFO: 4
Sep 02, 2024 6:25:41 PM net.adarw.alertListner.gui.Alert init
INFO: 11
Sep 02, 2024 6:25:41 PM net.adarw.alertListner.gui.Alert init
INFO: 1
Sep 02, 2024 6:25:41 PM net.adarw.alertListner.gui.Alert init
INFO: 10
Sep 02, 2024 6:25:41 PM net.adarw.alertListner.gui.Alert init
INFO: 7
Sep 02, 2024 6:25:41 PM net.adarw.alertListner.gui.Alert init
INFO: 9
Sep 02, 2024 6:25:41 PM net.adarw.alertListner.gui.Alert init
INFO: 5
Sep 02, 2024 6:26:28 PM net.adarw.Main <init>
INFO: Initializing Server...
Sep 02, 2024 6:26:29 PM net.adarw.Main <init>
INFO: Server is active in port 8579!
Sep 02, 2024 6:26:31 PM net.adarw.alertListner.gui.Alert init
INFO: 8
Sep 02, 2024 6:26:31 PM net.adarw.alertListner.gui.Alert init
INFO: 4
Sep 02, 2024 6:26:31 PM net.adarw.alertListner.gui.Alert init
INFO: 7
Sep 02, 2024 6:26:31 PM net.adarw.alertListner.gui.Alert init
INFO: 1
Sep 02, 2024 6:26:31 PM net.adarw.alertListner.gui.Alert init
INFO: 9
Sep 02, 2024 6:26:32 PM net.adarw.alertListner.gui.Alert init
INFO: 5
Sep 02, 2024 6:26:32 PM net.adarw.alertListner.gui.Alert init
INFO: 6
Sep 02, 2024 6:26:32 PM net.adarw.alertListner.gui.Alert init
INFO: 3
Sep 02, 2024 6:26:32 PM net.adarw.alertListner.gui.Alert init
INFO: 11
Sep 02, 2024 6:26:32 PM net.adarw.alertListner.gui.Alert init
INFO: 10
Sep 02, 2024 6:26:32 PM net.adarw.alertListner.gui.Alert init
INFO: 2
