Jul 25, 2024 12:15:31 PM net.adarw.Main <init>
INFO: Initializing Server...
Jul 25, 2024 12:15:32 PM net.adarw.Main <init>
INFO: Server is active in port 8579!
Jul 25, 2024 12:52:58 PM net.adarw.Main <init>
INFO: Initializing Server...
Jul 25, 2024 12:52:59 PM net.adarw.Main <init>
INFO: Server is active in port 8579!
Jul 25, 2024 12:56:00 PM net.adarw.alertListner.Listener lambda$run$0
INFO: Triggered Timer b79af88c-a508-4773-bf82-89baedfcc58c for 25-07-2024 12:56
Jul 25, 2024 12:56:00 PM net.adarw.alertListner.Listener lambda$run$0
INFO: Triggered Timer 6f159f88-4dac-40a3-b0ee-a7c620c732f0 for 25-07-2024 12:56
Jul 25, 2024 12:56:00 PM net.adarw.alertListner.Listener lambda$run$0
INFO: Triggered Timer ad1e3d5d-2080-4405-94db-5c4088c0db21 for 25-07-2024 12:56
Jul 25, 2024 12:59:33 PM net.adarw.alertListner.Listener run
INFO: Disabled overdue timer with id ad1e3d5d-2080-4405-94db-5c4088c0db21
Jul 25, 2024 12:59:33 PM net.adarw.alertListner.Listener run
INFO: Disabled overdue timer with id b79af88c-a508-4773-bf82-89baedfcc58c
Jul 25, 2024 12:59:33 PM net.adarw.alertListner.Listener run
INFO: Disabled overdue timer with id 6f159f88-4dac-40a3-b0ee-a7c620c732f0
Jul 25, 2024 12:59:38 PM net.adarw.Utils.StorageUtils deleteReminder
INFO: Successfully removed reminder with uuid 6f159f88-4dac-40a3-b0ee-a7c620c732f0
Jul 25, 2024 12:59:41 PM net.adarw.Utils.StorageUtils deleteReminder
INFO: Successfully removed reminder with uuid b79af88c-a508-4773-bf82-89baedfcc58c
Jul 25, 2024 12:59:44 PM net.adarw.Utils.StorageUtils deleteReminder
INFO: Successfully removed reminder with uuid ad1e3d5d-2080-4405-94db-5c4088c0db21
Jul 25, 2024 1:09:41 PM net.adarw.Main <init>
INFO: Initializing Server...
Jul 25, 2024 1:09:41 PM net.adarw.Main <init>
INFO: Server is active in port 8579!
Jul 25, 2024 1:10:04 PM net.adarw.Main <init>
INFO: Initializing Server...
Jul 25, 2024 1:10:04 PM net.adarw.Main <init>
INFO: Server is active in port 8579!
Jul 25, 2024 1:11:00 PM net.adarw.alertListner.Listener lambda$run$0
INFO: Triggered Timer 65b7e315-09eb-44f4-8e60-2e8b379e4c03 for 25-07-2024 13:11
Jul 25, 2024 1:11:01 PM net.adarw.alertListner.Listener lambda$run$0
INFO: Triggered Timer 41bcd3d3-3b1b-4f52-b631-a90da07a0e97 for 25-07-2024 13:11
Jul 25, 2024 1:11:02 PM net.adarw.alertListner.Listener lambda$run$0
INFO: Triggered Timer 4b96de5e-92cf-414f-8d4a-f4466264c422 for 25-07-2024 13:11
Jul 25, 2024 1:11:28 PM net.adarw.alertListner.Listener run
INFO: Disabled overdue timer with id 65b7e315-09eb-44f4-8e60-2e8b379e4c03
Jul 25, 2024 1:11:28 PM net.adarw.alertListner.Listener run
INFO: Disabled overdue timer with id 41bcd3d3-3b1b-4f52-b631-a90da07a0e97
Jul 25, 2024 1:11:28 PM net.adarw.alertListner.Listener run
INFO: Disabled overdue timer with id 4b96de5e-92cf-414f-8d4a-f4466264c422
Jul 25, 2024 1:11:32 PM net.adarw.Utils.StorageUtils clearReminders
INFO: Successfully cleared all reminders!
Jul 25, 2024 1:15:46 PM net.adarw.Main <init>
INFO: Initializing Server...
Jul 25, 2024 1:15:47 PM net.adarw.Main <init>
INFO: Server is active in port 8579!
Jul 25, 2024 1:17:00 PM net.adarw.alertListner.Listener lambda$run$0
INFO: Triggered Timer c0830ef9-e732-4f21-9b0d-ebbb14c49820 for 25-07-2024 13:17
Jul 25, 2024 1:17:01 PM net.adarw.alertListner.Listener lambda$run$0
INFO: Triggered Timer b05d242e-9c31-41b6-9e16-764c6e84c422 for 25-07-2024 13:17
Jul 25, 2024 1:17:02 PM net.adarw.alertListner.Listener lambda$run$0
INFO: Triggered Timer 96fa565f-2c42-4ff6-b503-c22e1927db29 for 25-07-2024 13:17
Jul 25, 2024 1:17:20 PM net.adarw.alertListner.Listener run
INFO: Disabled overdue timer with id c0830ef9-e732-4f21-9b0d-ebbb14c49820
Jul 25, 2024 1:17:20 PM net.adarw.alertListner.Listener run
INFO: Disabled overdue timer with id b05d242e-9c31-41b6-9e16-764c6e84c422
Jul 25, 2024 1:17:20 PM net.adarw.alertListner.Listener run
INFO: Disabled overdue timer with id 96fa565f-2c42-4ff6-b503-c22e1927db29
Jul 25, 2024 1:41:05 PM net.adarw.Main <init>
INFO: Initializing Server...
Jul 25, 2024 1:41:06 PM net.adarw.Main <init>
INFO: Server is active in port 8579!
Jul 25, 2024 1:53:35 PM net.adarw.Main <init>
INFO: Initializing Server...
Jul 25, 2024 1:53:36 PM net.adarw.Main <init>
INFO: Server is active in port 8579!
Jul 25, 2024 1:54:04 PM net.adarw.Main <init>
INFO: Initializing Server...
Jul 25, 2024 1:54:05 PM net.adarw.Main <init>
INFO: Server is active in port 8579!
Jul 25, 2024 1:54:15 PM net.adarw.Utils.StorageUtils clearReminders
INFO: Successfully cleared all reminders!
Jul 25, 2024 1:56:00 PM net.adarw.alertListner.Listener lambda$run$0
INFO: Triggered Timer f0d72b4f-923b-478d-99d1-f8f24c34e6d9 for 25-07-2024 13:56
Jul 25, 2024 1:56:01 PM net.adarw.alertListner.Listener lambda$run$0
INFO: Triggered Timer 42cd51a9-4983-4a02-bc1f-227a7a0b4563 for 25-07-2024 13:56
Jul 25, 2024 1:56:02 PM net.adarw.alertListner.Listener lambda$run$0
INFO: Triggered Timer c81b06d6-6fc6-4ce8-8842-3ea1690fef9b for 25-07-2024 13:56
