Jul 28, 2024 1:54:10 PM net.adarw.Main <init>
INFO: Initializing Server...
Jul 28, 2024 1:54:10 PM net.adarw.Main <init>
INFO: Server is active in port 8579!
Jul 28, 2024 1:55:00 PM net.adarw.alertListner.Listener lambda$run$0
INFO: Triggered Timer ccef29c5-8101-43fc-9afd-57786fd750f5 for 28-07-2024 13:55
Jul 28, 2024 1:55:00 PM net.adarw.alertListner.gui.Alert init
INFO: Playing reminder's sound
Jul 28, 2024 1:55:06 PM net.adarw.alertListner.Listener run
INFO: Disabled overdue timer with id ccef29c5-8101-43fc-9afd-57786fd750f5
Jul 28, 2024 1:55:41 PM net.adarw.Main <init>
INFO: Initializing Server...
Jul 28, 2024 1:55:42 PM net.adarw.Main <init>
INFO: Server is active in port 8579!
Jul 28, 2024 1:56:00 PM net.adarw.alertListner.Listener lambda$run$0
INFO: Triggered Timer ccef29c5-8101-43fc-9afd-57786fd750f5 for 28-07-2024 13:56
Jul 28, 2024 1:56:00 PM net.adarw.alertListner.gui.Alert init
INFO: Playing reminder's sound
Jul 28, 2024 2:03:49 PM net.adarw.Main <init>
INFO: Initializing Server...
Jul 28, 2024 2:03:50 PM net.adarw.Main <init>
INFO: Server is active in port 8579!
Jul 28, 2024 2:03:50 PM net.adarw.alertListner.Listener run
INFO: Disabled overdue timer with id ccef29c5-8101-43fc-9afd-57786fd750f5
Jul 28, 2024 2:04:09 PM net.adarw.Utils.StorageUtils deleteReminder
INFO: Successfully removed reminder with uuid ccef29c5-8101-43fc-9afd-57786fd750f5
Jul 28, 2024 2:05:00 PM net.adarw.alertListner.gui.Alert init
INFO: Playing remind before sound
Jul 28, 2024 2:05:30 PM net.adarw.alertListner.Listener lambda$run$2
INFO: Triggered Remind Before Timer 76b2d3bf-efbc-4eed-a82f-30b38361e507 at 28-07-2024 14:05
Jul 28, 2024 2:06:00 PM net.adarw.alertListner.gui.Alert init
INFO: Playing remind before sound
Jul 28, 2024 2:06:30 PM net.adarw.alertListner.Listener lambda$run$1
INFO: Triggered Remind Before Timer 76b2d3bf-efbc-4eed-a82f-30b38361e507 at 28-07-2024 14:06
Jul 28, 2024 2:07:00 PM net.adarw.alertListner.Listener lambda$run$0
INFO: Triggered Timer 76b2d3bf-efbc-4eed-a82f-30b38361e507 for 28-07-2024 14:07
Jul 28, 2024 2:07:00 PM net.adarw.alertListner.gui.Alert init
INFO: Playing reminder's sound
Jul 28, 2024 2:31:57 PM net.adarw.Main <init>
INFO: Initializing Server...
Jul 28, 2024 2:31:58 PM net.adarw.Main <init>
INFO: Server is active in port 8579!
Jul 28, 2024 2:33:46 PM net.adarw.Main <init>
INFO: Initializing Server...
Jul 28, 2024 2:33:47 PM net.adarw.Main <init>
INFO: Server is active in port 8579!
Jul 28, 2024 2:42:58 PM net.adarw.Main <init>
INFO: Initializing Server...
Jul 28, 2024 2:42:59 PM net.adarw.Main <init>
INFO: Server is active in port 8579!
Jul 28, 2024 2:52:17 PM net.adarw.Main <init>
INFO: Initializing Server...
Jul 28, 2024 2:52:17 PM net.adarw.Main <init>
INFO: Server is active in port 8579!
Jul 28, 2024 2:52:23 PM net.adarw.Utils.StorageUtils clearReminders
INFO: Successfully cleared all reminders!
Jul 28, 2024 2:53:14 PM net.adarw.Main <init>
INFO: Initializing Server...
Jul 28, 2024 2:53:14 PM net.adarw.Main <init>
INFO: Server is active in port 8579!
Jul 28, 2024 2:54:44 PM net.adarw.Main <init>
INFO: Initializing Server...
Jul 28, 2024 2:54:44 PM net.adarw.Main <init>
INFO: Server is active in port 8579!
Jul 28, 2024 3:02:59 PM net.adarw.Utils.StorageUtils clearReminders
INFO: Successfully cleared all reminders!
Jul 28, 2024 3:14:52 PM net.adarw.Main <init>
INFO: Initializing Server...
Jul 28, 2024 3:14:53 PM net.adarw.Main <init>
INFO: Server is active in port 8579!
Jul 28, 2024 3:15:32 PM net.adarw.Main <init>
INFO: Initializing Server...
Jul 28, 2024 3:16:04 PM net.adarw.Main <init>
INFO: Initializing Server...
Jul 28, 2024 3:16:05 PM net.adarw.Main <init>
INFO: Server is active in port 8579!
Jul 28, 2024 3:16:37 PM net.adarw.alertListner.Listener run
INFO: Disabled overdue timer with id 367a24b8-9ff9-4b2d-981b-5e10a96f6488
Jul 28, 2024 3:19:36 PM net.adarw.Main <init>
INFO: Initializing Server...
Jul 28, 2024 3:19:37 PM net.adarw.Main <init>
INFO: Server is active in port 8579!
Jul 28, 2024 3:20:07 PM net.adarw.Utils.StorageUtils deleteReminder
INFO: Successfully removed reminder with uuid 367a24b8-9ff9-4b2d-981b-5e10a96f6488
Jul 28, 2024 3:28:40 PM net.adarw.Main <init>
INFO: Initializing Server...
Jul 28, 2024 3:28:40 PM net.adarw.Main <init>
INFO: Server is active in port 8579!
Jul 28, 2024 3:29:39 PM net.adarw.Main <init>
INFO: Initializing Server...
Jul 28, 2024 3:29:40 PM net.adarw.Main <init>
INFO: Server is active in port 8579!
Jul 28, 2024 3:29:44 PM net.adarw.Utils.StorageUtils clearReminders
INFO: Successfully cleared all reminders!
Jul 28, 2024 3:30:12 PM net.adarw.Utils.StorageUtils deleteReminder
INFO: Successfully removed reminder with uuid 9f9472df-3f0d-4575-82cd-87a35d23324e
Jul 28, 2024 3:31:00 PM net.adarw.alertListner.Listener run
INFO: Disabled overdue timer with id da9d9e87-f2f6-4d56-a82c-d616738d722c
Jul 28, 2024 3:31:18 PM net.adarw.Utils.StorageUtils clearReminders
INFO: Successfully cleared all reminders!
Jul 28, 2024 3:32:00 PM net.adarw.alertListner.Listener lambda$run$0
INFO: Triggered Timer da9d9e87-f2f6-4d56-a82c-d616738d722c for 28-07-2024 15:32
Jul 28, 2024 3:32:00 PM net.adarw.alertListner.gui.Alert init
INFO: Playing reminder's sound
Jul 28, 2024 3:32:06 PM net.adarw.alertListner.Listener run
INFO: Disabled overdue timer with id da9d9e87-f2f6-4d56-a82c-d616738d722c
Jul 28, 2024 3:32:11 PM net.adarw.Utils.StorageUtils clearReminders
INFO: Successfully cleared all reminders!
Jul 28, 2024 4:38:06 PM net.adarw.Main <init>
INFO: Initializing Server...
Jul 28, 2024 4:38:06 PM net.adarw.Main <init>
INFO: Server is active in port 8579!
Jul 28, 2024 4:39:00 PM net.adarw.alertListner.gui.Alert init
INFO: Playing remind before sound
Jul 28, 2024 4:39:01 PM net.adarw.alertListner.gui.Alert init
INFO: Playing remind before sound
Exception in thread "Timer-9" java.lang.IndexOutOfBoundsException: Index -1 out of bounds for length 2
	at java.base/jdk.internal.util.Preconditions.outOfBounds(Preconditions.java:100)
	at java.base/jdk.internal.util.Preconditions.outOfBoundsCheckIndex(Preconditions.java:106)
	at java.base/jdk.internal.util.Preconditions.checkIndex(Preconditions.java:302)
	at java.base/java.util.Objects.checkIndex(Objects.java:385)
	at java.base/java.util.ArrayList.set(ArrayList.java:470)
	at net.adarw.alertListner.gui.Alert$1.windowClosing(Alert.java:54)
	at java.desktop/java.awt.AWTEventMulticaster.windowClosing(AWTEventMulticaster.java:358)
	at java.desktop/java.awt.AWTEventMulticaster.windowClosing(AWTEventMulticaster.java:357)
	at java.desktop/java.awt.Window.processWindowEvent(Window.java:2085)
	at java.desktop/javax.swing.JDialog.processWindowEvent(JDialog.java:689)
	at java.desktop/java.awt.Window.processEvent(Window.java:2044)
	at java.desktop/java.awt.Component.dispatchEventImpl(Component.java:4996)
	at java.desktop/java.awt.Container.dispatchEventImpl(Container.java:2324)
	at java.desktop/java.awt.Window.dispatchEventImpl(Window.java:2780)
	at java.desktop/java.awt.Component.dispatchEvent(Component.java:4828)
	at net.adarw.alertListner.gui.Alert.init(Alert.java:72)
	at net.adarw.alertListner.gui.Alert.<init>(Alert.java:77)
	at net.adarw.alertListner.Listener.lambda$run$1(Listener.java:55)
	at net.adarw.TimerEx$1.run(TimerEx.java:38)
	at java.base/java.util.TimerThread.mainLoop(Timer.java:566)
	at java.base/java.util.TimerThread.run(Timer.java:516)
Exception in thread "Timer-11" java.lang.IndexOutOfBoundsException: Index -1 out of bounds for length 2
	at java.base/jdk.internal.util.Preconditions.outOfBounds(Preconditions.java:100)
	at java.base/jdk.internal.util.Preconditions.outOfBoundsCheckIndex(Preconditions.java:106)
	at java.base/jdk.internal.util.Preconditions.checkIndex(Preconditions.java:302)
	at java.base/java.util.Objects.checkIndex(Objects.java:385)
	at java.base/java.util.ArrayList.set(ArrayList.java:470)
	at net.adarw.alertListner.gui.Alert$1.windowClosing(Alert.java:54)
	at java.desktop/java.awt.AWTEventMulticaster.windowClosing(AWTEventMulticaster.java:358)
	at java.desktop/java.awt.AWTEventMulticaster.windowClosing(AWTEventMulticaster.java:357)
	at java.desktop/java.awt.Window.processWindowEvent(Window.java:2085)
	at java.desktop/javax.swing.JDialog.processWindowEvent(JDialog.java:689)
	at java.desktop/java.awt.Window.processEvent(Window.java:2044)
	at java.desktop/java.awt.Component.dispatchEventImpl(Component.java:4996)
	at java.desktop/java.awt.Container.dispatchEventImpl(Container.java:2324)
	at java.desktop/java.awt.Window.dispatchEventImpl(Window.java:2780)
	at java.desktop/java.awt.Component.dispatchEvent(Component.java:4828)
	at net.adarw.alertListner.gui.Alert.init(Alert.java:72)
	at net.adarw.alertListner.gui.Alert.<init>(Alert.java:77)
	at net.adarw.alertListner.Listener.lambda$run$1(Listener.java:55)
	at net.adarw.TimerEx$1.run(TimerEx.java:38)
	at java.base/java.util.TimerThread.mainLoop(Timer.java:566)
	at java.base/java.util.TimerThread.run(Timer.java:516)
Jul 28, 2024 4:40:00 PM net.adarw.alertListner.Listener lambda$run$0
INFO: Triggered Timer dfb51693-edb0-4bc8-8645-8de47fdf640a for 28-07-2024 16:40
Jul 28, 2024 4:40:00 PM net.adarw.alertListner.gui.Alert init
INFO: Playing reminder's sound
Jul 28, 2024 4:40:01 PM net.adarw.alertListner.Listener lambda$run$0
INFO: Triggered Timer fb292270-914b-4f42-bf0d-ffb5c4cf4383 for 28-07-2024 16:40
Jul 28, 2024 4:40:01 PM net.adarw.alertListner.gui.Alert init
INFO: Playing reminder's sound
Exception in thread "AWT-EventQueue-0" java.lang.IndexOutOfBoundsException: Index -1 out of bounds for length 2
	at java.base/jdk.internal.util.Preconditions.outOfBounds(Preconditions.java:100)
	at java.base/jdk.internal.util.Preconditions.outOfBoundsCheckIndex(Preconditions.java:106)
	at java.base/jdk.internal.util.Preconditions.checkIndex(Preconditions.java:302)
	at java.base/java.util.Objects.checkIndex(Objects.java:385)
	at java.base/java.util.ArrayList.set(ArrayList.java:470)
	at net.adarw.alertListner.gui.Alert$1.windowClosing(Alert.java:54)
	at java.desktop/java.awt.AWTEventMulticaster.windowClosing(AWTEventMulticaster.java:358)
	at java.desktop/java.awt.AWTEventMulticaster.windowClosing(AWTEventMulticaster.java:357)
	at java.desktop/java.awt.Window.processWindowEvent(Window.java:2085)
	at java.desktop/javax.swing.JDialog.processWindowEvent(JDialog.java:689)
	at java.desktop/java.awt.Window.processEvent(Window.java:2044)
	at java.desktop/java.awt.Component.dispatchEventImpl(Component.java:4996)
	at java.desktop/java.awt.Container.dispatchEventImpl(Container.java:2324)
	at java.desktop/java.awt.Window.dispatchEventImpl(Window.java:2780)
	at java.desktop/java.awt.Component.dispatchEvent(Component.java:4828)
	at net.adarw.alertListner.gui.Alert.close(Alert.java:147)
	at java.desktop/javax.swing.AbstractButton.fireActionPerformed(AbstractButton.java:1972)
	at java.desktop/javax.swing.AbstractButton$Handler.actionPerformed(AbstractButton.java:2314)
	at java.desktop/javax.swing.DefaultButtonModel.fireActionPerformed(DefaultButtonModel.java:407)
	at java.desktop/javax.swing.DefaultButtonModel.setPressed(DefaultButtonModel.java:262)
	at java.desktop/javax.swing.plaf.basic.BasicButtonListener.mouseReleased(BasicButtonListener.java:279)
	at java.desktop/java.awt.Component.processMouseEvent(Component.java:6621)
	at java.desktop/javax.swing.JComponent.processMouseEvent(JComponent.java:3398)
	at java.desktop/java.awt.Component.processEvent(Component.java:6386)
	at java.desktop/java.awt.Container.processEvent(Container.java:2266)
	at java.desktop/java.awt.Component.dispatchEventImpl(Component.java:4996)
	at java.desktop/java.awt.Container.dispatchEventImpl(Container.java:2324)
	at java.desktop/java.awt.Component.dispatchEvent(Component.java:4828)
	at java.desktop/java.awt.LightweightDispatcher.retargetMouseEvent(Container.java:4948)
	at java.desktop/java.awt.LightweightDispatcher.processMouseEvent(Container.java:4575)
	at java.desktop/java.awt.LightweightDispatcher.dispatchEvent(Container.java:4516)
	at java.desktop/java.awt.Container.dispatchEventImpl(Container.java:2310)
	at java.desktop/java.awt.Window.dispatchEventImpl(Window.java:2780)
	at java.desktop/java.awt.Component.dispatchEvent(Component.java:4828)
	at java.desktop/java.awt.EventQueue.dispatchEventImpl(EventQueue.java:775)
	at java.desktop/java.awt.EventQueue$4.run(EventQueue.java:720)
	at java.desktop/java.awt.EventQueue$4.run(EventQueue.java:714)
	at java.base/java.security.AccessController.doPrivileged(AccessController.java:400)
	at java.base/java.security.ProtectionDomain$JavaSecurityAccessImpl.doIntersectionPrivilege(ProtectionDomain.java:87)
	at java.base/java.security.ProtectionDomain$JavaSecurityAccessImpl.doIntersectionPrivilege(ProtectionDomain.java:98)
	at java.desktop/java.awt.EventQueue$5.run(EventQueue.java:747)
	at java.desktop/java.awt.EventQueue$5.run(EventQueue.java:745)
	at java.base/java.security.AccessController.doPrivileged(AccessController.java:400)
	at java.base/java.security.ProtectionDomain$JavaSecurityAccessImpl.doIntersectionPrivilege(ProtectionDomain.java:87)
	at java.desktop/java.awt.EventQueue.dispatchEvent(EventQueue.java:744)
	at java.desktop/java.awt.EventDispatchThread.pumpOneEventForFilters(EventDispatchThread.java:203)
	at java.desktop/java.awt.EventDispatchThread.pumpEventsForFilter(EventDispatchThread.java:124)
	at java.desktop/java.awt.EventDispatchThread.pumpEventsForHierarchy(EventDispatchThread.java:113)
	at java.desktop/java.awt.EventDispatchThread.pumpEvents(EventDispatchThread.java:109)
	at java.desktop/java.awt.EventDispatchThread.pumpEvents(EventDispatchThread.java:101)
	at java.desktop/java.awt.EventDispatchThread.run(EventDispatchThread.java:90)
Exception in thread "AWT-EventQueue-0" java.lang.IndexOutOfBoundsException: Index -1 out of bounds for length 2
	at java.base/jdk.internal.util.Preconditions.outOfBounds(Preconditions.java:100)
	at java.base/jdk.internal.util.Preconditions.outOfBoundsCheckIndex(Preconditions.java:106)
	at java.base/jdk.internal.util.Preconditions.checkIndex(Preconditions.java:302)
	at java.base/java.util.Objects.checkIndex(Objects.java:385)
	at java.base/java.util.ArrayList.set(ArrayList.java:470)
	at net.adarw.alertListner.gui.Alert$1.windowClosing(Alert.java:54)
	at java.desktop/java.awt.AWTEventMulticaster.windowClosing(AWTEventMulticaster.java:358)
	at java.desktop/java.awt.AWTEventMulticaster.windowClosing(AWTEventMulticaster.java:357)
	at java.desktop/java.awt.Window.processWindowEvent(Window.java:2085)
	at java.desktop/javax.swing.JDialog.processWindowEvent(JDialog.java:689)
	at java.desktop/java.awt.Window.processEvent(Window.java:2044)
	at java.desktop/java.awt.Component.dispatchEventImpl(Component.java:4996)
	at java.desktop/java.awt.Container.dispatchEventImpl(Container.java:2324)
	at java.desktop/java.awt.Window.dispatchEventImpl(Window.java:2780)
	at java.desktop/java.awt.Component.dispatchEvent(Component.java:4828)
	at net.adarw.alertListner.gui.Alert.close(Alert.java:147)
	at java.desktop/javax.swing.AbstractButton.fireActionPerformed(AbstractButton.java:1972)
	at java.desktop/javax.swing.AbstractButton$Handler.actionPerformed(AbstractButton.java:2314)
	at java.desktop/javax.swing.DefaultButtonModel.fireActionPerformed(DefaultButtonModel.java:407)
	at java.desktop/javax.swing.DefaultButtonModel.setPressed(DefaultButtonModel.java:262)
	at java.desktop/javax.swing.plaf.basic.BasicButtonListener.mouseReleased(BasicButtonListener.java:279)
	at java.desktop/java.awt.Component.processMouseEvent(Component.java:6621)
	at java.desktop/javax.swing.JComponent.processMouseEvent(JComponent.java:3398)
	at java.desktop/java.awt.Component.processEvent(Component.java:6386)
	at java.desktop/java.awt.Container.processEvent(Container.java:2266)
	at java.desktop/java.awt.Component.dispatchEventImpl(Component.java:4996)
	at java.desktop/java.awt.Container.dispatchEventImpl(Container.java:2324)
	at java.desktop/java.awt.Component.dispatchEvent(Component.java:4828)
	at java.desktop/java.awt.LightweightDispatcher.retargetMouseEvent(Container.java:4948)
	at java.desktop/java.awt.LightweightDispatcher.processMouseEvent(Container.java:4575)
	at java.desktop/java.awt.LightweightDispatcher.dispatchEvent(Container.java:4516)
	at java.desktop/java.awt.Container.dispatchEventImpl(Container.java:2310)
	at java.desktop/java.awt.Window.dispatchEventImpl(Window.java:2780)
	at java.desktop/java.awt.Component.dispatchEvent(Component.java:4828)
	at java.desktop/java.awt.EventQueue.dispatchEventImpl(EventQueue.java:775)
	at java.desktop/java.awt.EventQueue$4.run(EventQueue.java:720)
	at java.desktop/java.awt.EventQueue$4.run(EventQueue.java:714)
	at java.base/java.security.AccessController.doPrivileged(AccessController.java:400)
	at java.base/java.security.ProtectionDomain$JavaSecurityAccessImpl.doIntersectionPrivilege(ProtectionDomain.java:87)
	at java.base/java.security.ProtectionDomain$JavaSecurityAccessImpl.doIntersectionPrivilege(ProtectionDomain.java:98)
	at java.desktop/java.awt.EventQueue$5.run(EventQueue.java:747)
	at java.desktop/java.awt.EventQueue$5.run(EventQueue.java:745)
	at java.base/java.security.AccessController.doPrivileged(AccessController.java:400)
	at java.base/java.security.ProtectionDomain$JavaSecurityAccessImpl.doIntersectionPrivilege(ProtectionDomain.java:87)
	at java.desktop/java.awt.EventQueue.dispatchEvent(EventQueue.java:744)
	at java.desktop/java.awt.EventDispatchThread.pumpOneEventForFilters(EventDispatchThread.java:203)
	at java.desktop/java.awt.EventDispatchThread.pumpEventsForFilter(EventDispatchThread.java:124)
	at java.desktop/java.awt.EventDispatchThread.pumpEventsForHierarchy(EventDispatchThread.java:113)
	at java.desktop/java.awt.EventDispatchThread.pumpEvents(EventDispatchThread.java:109)
	at java.desktop/java.awt.EventDispatchThread.pumpEvents(EventDispatchThread.java:101)
	at java.desktop/java.awt.EventDispatchThread.run(EventDispatchThread.java:90)
Exception in thread "AWT-EventQueue-0" java.lang.IndexOutOfBoundsException: Index -1 out of bounds for length 2
	at java.base/jdk.internal.util.Preconditions.outOfBounds(Preconditions.java:100)
	at java.base/jdk.internal.util.Preconditions.outOfBoundsCheckIndex(Preconditions.java:106)
	at java.base/jdk.internal.util.Preconditions.checkIndex(Preconditions.java:302)
	at java.base/java.util.Objects.checkIndex(Objects.java:385)
	at java.base/java.util.ArrayList.set(ArrayList.java:470)
	at net.adarw.alertListner.gui.Alert$1.windowClosing(Alert.java:54)
	at java.desktop/java.awt.AWTEventMulticaster.windowClosing(AWTEventMulticaster.java:358)
	at java.desktop/java.awt.AWTEventMulticaster.windowClosing(AWTEventMulticaster.java:357)
	at java.desktop/java.awt.Window.processWindowEvent(Window.java:2085)
	at java.desktop/javax.swing.JDialog.processWindowEvent(JDialog.java:689)
	at java.desktop/java.awt.Window.processEvent(Window.java:2044)
	at java.desktop/java.awt.Component.dispatchEventImpl(Component.java:4996)
	at java.desktop/java.awt.Container.dispatchEventImpl(Container.java:2324)
	at java.desktop/java.awt.Window.dispatchEventImpl(Window.java:2780)
	at java.desktop/java.awt.Component.dispatchEvent(Component.java:4828)
	at net.adarw.alertListner.gui.Alert.close(Alert.java:147)
	at java.desktop/javax.swing.AbstractButton.fireActionPerformed(AbstractButton.java:1972)
	at java.desktop/javax.swing.AbstractButton$Handler.actionPerformed(AbstractButton.java:2314)
	at java.desktop/javax.swing.DefaultButtonModel.fireActionPerformed(DefaultButtonModel.java:407)
	at java.desktop/javax.swing.DefaultButtonModel.setPressed(DefaultButtonModel.java:262)
	at java.desktop/javax.swing.plaf.basic.BasicButtonListener.mouseReleased(BasicButtonListener.java:279)
	at java.desktop/java.awt.Component.processMouseEvent(Component.java:6621)
	at java.desktop/javax.swing.JComponent.processMouseEvent(JComponent.java:3398)
	at java.desktop/java.awt.Component.processEvent(Component.java:6386)
	at java.desktop/java.awt.Container.processEvent(Container.java:2266)
	at java.desktop/java.awt.Component.dispatchEventImpl(Component.java:4996)
	at java.desktop/java.awt.Container.dispatchEventImpl(Container.java:2324)
	at java.desktop/java.awt.Component.dispatchEvent(Component.java:4828)
	at java.desktop/java.awt.LightweightDispatcher.retargetMouseEvent(Container.java:4948)
	at java.desktop/java.awt.LightweightDispatcher.processMouseEvent(Container.java:4575)
	at java.desktop/java.awt.LightweightDispatcher.dispatchEvent(Container.java:4516)
	at java.desktop/java.awt.Container.dispatchEventImpl(Container.java:2310)
	at java.desktop/java.awt.Window.dispatchEventImpl(Window.java:2780)
	at java.desktop/java.awt.Component.dispatchEvent(Component.java:4828)
	at java.desktop/java.awt.EventQueue.dispatchEventImpl(EventQueue.java:775)
	at java.desktop/java.awt.EventQueue$4.run(EventQueue.java:720)
	at java.desktop/java.awt.EventQueue$4.run(EventQueue.java:714)
	at java.base/java.security.AccessController.doPrivileged(AccessController.java:400)
	at java.base/java.security.ProtectionDomain$JavaSecurityAccessImpl.doIntersectionPrivilege(ProtectionDomain.java:87)
	at java.base/java.security.ProtectionDomain$JavaSecurityAccessImpl.doIntersectionPrivilege(ProtectionDomain.java:98)
	at java.desktop/java.awt.EventQueue$5.run(EventQueue.java:747)
	at java.desktop/java.awt.EventQueue$5.run(EventQueue.java:745)
	at java.base/java.security.AccessController.doPrivileged(AccessController.java:400)
	at java.base/java.security.ProtectionDomain$JavaSecurityAccessImpl.doIntersectionPrivilege(ProtectionDomain.java:87)
	at java.desktop/java.awt.EventQueue.dispatchEvent(EventQueue.java:744)
	at java.desktop/java.awt.EventDispatchThread.pumpOneEventForFilters(EventDispatchThread.java:203)
	at java.desktop/java.awt.EventDispatchThread.pumpEventsForFilter(EventDispatchThread.java:124)
	at java.desktop/java.awt.EventDispatchThread.pumpEventsForHierarchy(EventDispatchThread.java:113)
	at java.desktop/java.awt.EventDispatchThread.pumpEvents(EventDispatchThread.java:109)
	at java.desktop/java.awt.EventDispatchThread.pumpEvents(EventDispatchThread.java:101)
	at java.desktop/java.awt.EventDispatchThread.run(EventDispatchThread.java:90)
Exception in thread "AWT-EventQueue-0" java.lang.IndexOutOfBoundsException: Index -1 out of bounds for length 2
	at java.base/jdk.internal.util.Preconditions.outOfBounds(Preconditions.java:100)
	at java.base/jdk.internal.util.Preconditions.outOfBoundsCheckIndex(Preconditions.java:106)
	at java.base/jdk.internal.util.Preconditions.checkIndex(Preconditions.java:302)
	at java.base/java.util.Objects.checkIndex(Objects.java:385)
	at java.base/java.util.ArrayList.set(ArrayList.java:470)
	at net.adarw.alertListner.gui.Alert$1.windowClosing(Alert.java:54)
	at java.desktop/java.awt.AWTEventMulticaster.windowClosing(AWTEventMulticaster.java:358)
	at java.desktop/java.awt.AWTEventMulticaster.windowClosing(AWTEventMulticaster.java:357)
	at java.desktop/java.awt.Window.processWindowEvent(Window.java:2085)
	at java.desktop/javax.swing.JDialog.processWindowEvent(JDialog.java:689)
	at java.desktop/java.awt.Window.processEvent(Window.java:2044)
	at java.desktop/java.awt.Component.dispatchEventImpl(Component.java:4996)
	at java.desktop/java.awt.Container.dispatchEventImpl(Container.java:2324)
	at java.desktop/java.awt.Window.dispatchEventImpl(Window.java:2780)
	at java.desktop/java.awt.Component.dispatchEvent(Component.java:4828)
	at net.adarw.alertListner.gui.Alert.close(Alert.java:147)
	at java.desktop/javax.swing.AbstractButton.fireActionPerformed(AbstractButton.java:1972)
	at java.desktop/javax.swing.AbstractButton$Handler.actionPerformed(AbstractButton.java:2314)
	at java.desktop/javax.swing.DefaultButtonModel.fireActionPerformed(DefaultButtonModel.java:407)
	at java.desktop/javax.swing.DefaultButtonModel.setPressed(DefaultButtonModel.java:262)
	at java.desktop/javax.swing.plaf.basic.BasicButtonListener.mouseReleased(BasicButtonListener.java:279)
	at java.desktop/java.awt.Component.processMouseEvent(Component.java:6621)
	at java.desktop/javax.swing.JComponent.processMouseEvent(JComponent.java:3398)
	at java.desktop/java.awt.Component.processEvent(Component.java:6386)
	at java.desktop/java.awt.Container.processEvent(Container.java:2266)
	at java.desktop/java.awt.Component.dispatchEventImpl(Component.java:4996)
	at java.desktop/java.awt.Container.dispatchEventImpl(Container.java:2324)
	at java.desktop/java.awt.Component.dispatchEvent(Component.java:4828)
	at java.desktop/java.awt.LightweightDispatcher.retargetMouseEvent(Container.java:4948)
	at java.desktop/java.awt.LightweightDispatcher.processMouseEvent(Container.java:4575)
	at java.desktop/java.awt.LightweightDispatcher.dispatchEvent(Container.java:4516)
	at java.desktop/java.awt.Container.dispatchEventImpl(Container.java:2310)
	at java.desktop/java.awt.Window.dispatchEventImpl(Window.java:2780)
	at java.desktop/java.awt.Component.dispatchEvent(Component.java:4828)
	at java.desktop/java.awt.EventQueue.dispatchEventImpl(EventQueue.java:775)
	at java.desktop/java.awt.EventQueue$4.run(EventQueue.java:720)
	at java.desktop/java.awt.EventQueue$4.run(EventQueue.java:714)
	at java.base/java.security.AccessController.doPrivileged(AccessController.java:400)
	at java.base/java.security.ProtectionDomain$JavaSecurityAccessImpl.doIntersectionPrivilege(ProtectionDomain.java:87)
	at java.base/java.security.ProtectionDomain$JavaSecurityAccessImpl.doIntersectionPrivilege(ProtectionDomain.java:98)
	at java.desktop/java.awt.EventQueue$5.run(EventQueue.java:747)
	at java.desktop/java.awt.EventQueue$5.run(EventQueue.java:745)
	at java.base/java.security.AccessController.doPrivileged(AccessController.java:400)
	at java.base/java.security.ProtectionDomain$JavaSecurityAccessImpl.doIntersectionPrivilege(ProtectionDomain.java:87)
	at java.desktop/java.awt.EventQueue.dispatchEvent(EventQueue.java:744)
	at java.desktop/java.awt.EventDispatchThread.pumpOneEventForFilters(EventDispatchThread.java:203)
	at java.desktop/java.awt.EventDispatchThread.pumpEventsForFilter(EventDispatchThread.java:124)
	at java.desktop/java.awt.EventDispatchThread.pumpEventsForHierarchy(EventDispatchThread.java:113)
	at java.desktop/java.awt.EventDispatchThread.pumpEvents(EventDispatchThread.java:109)
	at java.desktop/java.awt.EventDispatchThread.pumpEvents(EventDispatchThread.java:101)
	at java.desktop/java.awt.EventDispatchThread.run(EventDispatchThread.java:90)
Exception in thread "AWT-EventQueue-0" java.lang.IndexOutOfBoundsException: Index -1 out of bounds for length 2
	at java.base/jdk.internal.util.Preconditions.outOfBounds(Preconditions.java:100)
	at java.base/jdk.internal.util.Preconditions.outOfBoundsCheckIndex(Preconditions.java:106)
	at java.base/jdk.internal.util.Preconditions.checkIndex(Preconditions.java:302)
	at java.base/java.util.Objects.checkIndex(Objects.java:385)
	at java.base/java.util.ArrayList.set(ArrayList.java:470)
	at net.adarw.alertListner.gui.Alert$1.windowClosing(Alert.java:54)
	at java.desktop/java.awt.AWTEventMulticaster.windowClosing(AWTEventMulticaster.java:358)
	at java.desktop/java.awt.AWTEventMulticaster.windowClosing(AWTEventMulticaster.java:357)
	at java.desktop/java.awt.Window.processWindowEvent(Window.java:2085)
	at java.desktop/javax.swing.JDialog.processWindowEvent(JDialog.java:689)
	at java.desktop/java.awt.Window.processEvent(Window.java:2044)
	at java.desktop/java.awt.Component.dispatchEventImpl(Component.java:4996)
	at java.desktop/java.awt.Container.dispatchEventImpl(Container.java:2324)
	at java.desktop/java.awt.Window.dispatchEventImpl(Window.java:2780)
	at java.desktop/java.awt.Component.dispatchEvent(Component.java:4828)
	at net.adarw.alertListner.gui.Alert.close(Alert.java:147)
	at java.desktop/javax.swing.AbstractButton.fireActionPerformed(AbstractButton.java:1972)
	at java.desktop/javax.swing.AbstractButton$Handler.actionPerformed(AbstractButton.java:2314)
	at java.desktop/javax.swing.DefaultButtonModel.fireActionPerformed(DefaultButtonModel.java:407)
	at java.desktop/javax.swing.DefaultButtonModel.setPressed(DefaultButtonModel.java:262)
	at java.desktop/javax.swing.plaf.basic.BasicButtonListener.mouseReleased(BasicButtonListener.java:279)
	at java.desktop/java.awt.Component.processMouseEvent(Component.java:6621)
	at java.desktop/javax.swing.JComponent.processMouseEvent(JComponent.java:3398)
	at java.desktop/java.awt.Component.processEvent(Component.java:6386)
	at java.desktop/java.awt.Container.processEvent(Container.java:2266)
	at java.desktop/java.awt.Component.dispatchEventImpl(Component.java:4996)
	at java.desktop/java.awt.Container.dispatchEventImpl(Container.java:2324)
	at java.desktop/java.awt.Component.dispatchEvent(Component.java:4828)
	at java.desktop/java.awt.LightweightDispatcher.retargetMouseEvent(Container.java:4948)
	at java.desktop/java.awt.LightweightDispatcher.processMouseEvent(Container.java:4575)
	at java.desktop/java.awt.LightweightDispatcher.dispatchEvent(Container.java:4516)
	at java.desktop/java.awt.Container.dispatchEventImpl(Container.java:2310)
	at java.desktop/java.awt.Window.dispatchEventImpl(Window.java:2780)
	at java.desktop/java.awt.Component.dispatchEvent(Component.java:4828)
	at java.desktop/java.awt.EventQueue.dispatchEventImpl(EventQueue.java:775)
	at java.desktop/java.awt.EventQueue$4.run(EventQueue.java:720)
	at java.desktop/java.awt.EventQueue$4.run(EventQueue.java:714)
	at java.base/java.security.AccessController.doPrivileged(AccessController.java:400)
	at java.base/java.security.ProtectionDomain$JavaSecurityAccessImpl.doIntersectionPrivilege(ProtectionDomain.java:87)
	at java.base/java.security.ProtectionDomain$JavaSecurityAccessImpl.doIntersectionPrivilege(ProtectionDomain.java:98)
	at java.desktop/java.awt.EventQueue$5.run(EventQueue.java:747)
	at java.desktop/java.awt.EventQueue$5.run(EventQueue.java:745)
	at java.base/java.security.AccessController.doPrivileged(AccessController.java:400)
	at java.base/java.security.ProtectionDomain$JavaSecurityAccessImpl.doIntersectionPrivilege(ProtectionDomain.java:87)
	at java.desktop/java.awt.EventQueue.dispatchEvent(EventQueue.java:744)
	at java.desktop/java.awt.EventDispatchThread.pumpOneEventForFilters(EventDispatchThread.java:203)
	at java.desktop/java.awt.EventDispatchThread.pumpEventsForFilter(EventDispatchThread.java:124)
	at java.desktop/java.awt.EventDispatchThread.pumpEventsForHierarchy(EventDispatchThread.java:113)
	at java.desktop/java.awt.EventDispatchThread.pumpEvents(EventDispatchThread.java:109)
	at java.desktop/java.awt.EventDispatchThread.pumpEvents(EventDispatchThread.java:101)
	at java.desktop/java.awt.EventDispatchThread.run(EventDispatchThread.java:90)
Exception in thread "AWT-EventQueue-0" java.lang.IndexOutOfBoundsException: Index -1 out of bounds for length 2
	at java.base/jdk.internal.util.Preconditions.outOfBounds(Preconditions.java:100)
	at java.base/jdk.internal.util.Preconditions.outOfBoundsCheckIndex(Preconditions.java:106)
	at java.base/jdk.internal.util.Preconditions.checkIndex(Preconditions.java:302)
	at java.base/java.util.Objects.checkIndex(Objects.java:385)
	at java.base/java.util.ArrayList.set(ArrayList.java:470)
	at net.adarw.alertListner.gui.Alert$1.windowClosing(Alert.java:54)
	at java.desktop/java.awt.AWTEventMulticaster.windowClosing(AWTEventMulticaster.java:358)
	at java.desktop/java.awt.AWTEventMulticaster.windowClosing(AWTEventMulticaster.java:357)
	at java.desktop/java.awt.Window.processWindowEvent(Window.java:2085)
	at java.desktop/javax.swing.JDialog.processWindowEvent(JDialog.java:689)
	at java.desktop/java.awt.Window.processEvent(Window.java:2044)
	at java.desktop/java.awt.Component.dispatchEventImpl(Component.java:4996)
	at java.desktop/java.awt.Container.dispatchEventImpl(Container.java:2324)
	at java.desktop/java.awt.Window.dispatchEventImpl(Window.java:2780)
	at java.desktop/java.awt.Component.dispatchEvent(Component.java:4828)
	at net.adarw.alertListner.gui.Alert.close(Alert.java:147)
	at java.desktop/javax.swing.AbstractButton.fireActionPerformed(AbstractButton.java:1972)
	at java.desktop/javax.swing.AbstractButton$Handler.actionPerformed(AbstractButton.java:2314)
	at java.desktop/javax.swing.DefaultButtonModel.fireActionPerformed(DefaultButtonModel.java:407)
	at java.desktop/javax.swing.DefaultButtonModel.setPressed(DefaultButtonModel.java:262)
	at java.desktop/javax.swing.plaf.basic.BasicButtonListener.mouseReleased(BasicButtonListener.java:279)
	at java.desktop/java.awt.Component.processMouseEvent(Component.java:6621)
	at java.desktop/javax.swing.JComponent.processMouseEvent(JComponent.java:3398)
	at java.desktop/java.awt.Component.processEvent(Component.java:6386)
	at java.desktop/java.awt.Container.processEvent(Container.java:2266)
	at java.desktop/java.awt.Component.dispatchEventImpl(Component.java:4996)
	at java.desktop/java.awt.Container.dispatchEventImpl(Container.java:2324)
	at java.desktop/java.awt.Component.dispatchEvent(Component.java:4828)
	at java.desktop/java.awt.LightweightDispatcher.retargetMouseEvent(Container.java:4948)
	at java.desktop/java.awt.LightweightDispatcher.processMouseEvent(Container.java:4575)
	at java.desktop/java.awt.LightweightDispatcher.dispatchEvent(Container.java:4516)
	at java.desktop/java.awt.Container.dispatchEventImpl(Container.java:2310)
	at java.desktop/java.awt.Window.dispatchEventImpl(Window.java:2780)
	at java.desktop/java.awt.Component.dispatchEvent(Component.java:4828)
	at java.desktop/java.awt.EventQueue.dispatchEventImpl(EventQueue.java:775)
	at java.desktop/java.awt.EventQueue$4.run(EventQueue.java:720)
	at java.desktop/java.awt.EventQueue$4.run(EventQueue.java:714)
	at java.base/java.security.AccessController.doPrivileged(AccessController.java:400)
	at java.base/java.security.ProtectionDomain$JavaSecurityAccessImpl.doIntersectionPrivilege(ProtectionDomain.java:87)
	at java.base/java.security.ProtectionDomain$JavaSecurityAccessImpl.doIntersectionPrivilege(ProtectionDomain.java:98)
	at java.desktop/java.awt.EventQueue$5.run(EventQueue.java:747)
	at java.desktop/java.awt.EventQueue$5.run(EventQueue.java:745)
	at java.base/java.security.AccessController.doPrivileged(AccessController.java:400)
	at java.base/java.security.ProtectionDomain$JavaSecurityAccessImpl.doIntersectionPrivilege(ProtectionDomain.java:87)
	at java.desktop/java.awt.EventQueue.dispatchEvent(EventQueue.java:744)
	at java.desktop/java.awt.EventDispatchThread.pumpOneEventForFilters(EventDispatchThread.java:203)
	at java.desktop/java.awt.EventDispatchThread.pumpEventsForFilter(EventDispatchThread.java:124)
	at java.desktop/java.awt.EventDispatchThread.pumpEventsForHierarchy(EventDispatchThread.java:113)
	at java.desktop/java.awt.EventDispatchThread.pumpEvents(EventDispatchThread.java:109)
	at java.desktop/java.awt.EventDispatchThread.pumpEvents(EventDispatchThread.java:101)
	at java.desktop/java.awt.EventDispatchThread.run(EventDispatchThread.java:90)
Jul 28, 2024 5:12:56 PM net.adarw.Main <init>
INFO: Initializing Server...
Jul 28, 2024 5:12:57 PM net.adarw.Main <init>
INFO: Server is active in port 8579!
Jul 28, 2024 5:12:58 PM net.adarw.alertListner.Listener run
INFO: Disabled overdue timer with id dfb51693-edb0-4bc8-8645-8de47fdf640a
Jul 28, 2024 5:12:58 PM net.adarw.alertListner.Listener run
INFO: Disabled overdue timer with id fb292270-914b-4f42-bf0d-ffb5c4cf4383
Jul 28, 2024 5:13:05 PM net.adarw.Utils.StorageUtils clearReminders
INFO: Successfully cleared all reminders!
Jul 28, 2024 5:15:28 PM net.adarw.alertListner.Listener run
INFO: Disabled overdue timer with id 24d3e2db-4a85-40be-8bbc-ce621afcaea5
Jul 28, 2024 5:16:17 PM net.adarw.Main <init>
INFO: Initializing Server...
Jul 28, 2024 5:16:18 PM net.adarw.Main <init>
INFO: Server is active in port 8579!
Jul 28, 2024 5:16:57 PM net.adarw.Main <init>
INFO: Initializing Server...
Jul 28, 2024 5:16:57 PM net.adarw.Main <init>
INFO: Server is active in port 8579!
Jul 28, 2024 5:17:26 PM net.adarw.Main <init>
INFO: Initializing Server...
Jul 28, 2024 5:17:27 PM net.adarw.Main <init>
INFO: Server is active in port 8579!
Jul 28, 2024 5:17:58 PM net.adarw.Main <init>
INFO: Initializing Server...
Jul 28, 2024 5:17:59 PM net.adarw.Main <init>
INFO: Server is active in port 8579!
Jul 28, 2024 5:17:59 PM net.adarw.Main <init>
INFO: Hello
Jul 28, 2024 5:18:52 PM net.adarw.Main <init>
INFO: Initializing Server...
Jul 28, 2024 5:18:53 PM net.adarw.Main <init>
INFO: Server is active in port 8579!
Jul 28, 2024 5:18:53 PM net.adarw.Main <init>
INFO: Hello
Jul 28, 2024 5:18:54 PM net.adarw.Main <init>
INFO: Hello
Jul 28, 2024 5:18:55 PM net.adarw.Main <init>
INFO: Hello
Jul 28, 2024 5:18:56 PM net.adarw.Main <init>
INFO: Hello
Jul 28, 2024 5:18:57 PM net.adarw.Main <init>
INFO: Hello
Jul 28, 2024 5:18:58 PM net.adarw.Main <init>
INFO: Hello
Jul 28, 2024 5:18:59 PM net.adarw.Main <init>
INFO: Hello
Jul 28, 2024 5:19:00 PM net.adarw.Main <init>
INFO: Hello
Jul 28, 2024 5:19:01 PM net.adarw.Main <init>
INFO: Hello
Jul 28, 2024 5:19:02 PM net.adarw.Main <init>
INFO: Hello
