Jul 29, 2024 11:57:02 AM net.adarw.Main <init>
INFO: Initializing Server...
Jul 29, 2024 11:57:02 AM net.adarw.Main <init>
INFO: Server is active in port 8579!
Jul 29, 2024 11:59:34 AM net.adarw.Main <init>
INFO: Initializing Server...
Jul 29, 2024 11:59:35 AM net.adarw.Main <init>
INFO: Server is active in port 8579!
Jul 29, 2024 11:59:52 AM net.adarw.Main <init>
INFO: Initializing Server...
Jul 29, 2024 11:59:53 AM net.adarw.Main <init>
INFO: Server is active in port 8579!
Exception in thread "Thread-3" java.lang.IndexOutOfBoundsException: Index 0 out of bounds for length 0
	at java.base/jdk.internal.util.Preconditions.outOfBounds(Preconditions.java:100)
	at java.base/jdk.internal.util.Preconditions.outOfBoundsCheckIndex(Preconditions.java:106)
	at java.base/jdk.internal.util.Preconditions.checkIndex(Preconditions.java:302)
	at java.base/java.util.Objects.checkIndex(Objects.java:385)
	at java.base/java.util.ArrayList.get(ArrayList.java:427)
	at net.adarw.Main.lambda$new$1(Main.java:88)
	at java.base/java.lang.Thread.run(Thread.java:1583)
Jul 29, 2024 12:01:03 PM net.adarw.Main <init>
INFO: Initializing Server...
Jul 29, 2024 12:01:04 PM net.adarw.Main <init>
INFO: Server is active in port 8579!
Exception in thread "Thread-3" java.lang.IndexOutOfBoundsException: Index 0 out of bounds for length 0
	at java.base/jdk.internal.util.Preconditions.outOfBounds(Preconditions.java:100)
	at java.base/jdk.internal.util.Preconditions.outOfBoundsCheckIndex(Preconditions.java:106)
	at java.base/jdk.internal.util.Preconditions.checkIndex(Preconditions.java:302)
	at java.base/java.util.Objects.checkIndex(Objects.java:385)
	at java.base/java.util.ArrayList.get(ArrayList.java:427)
	at net.adarw.Main.lambda$new$1(Main.java:88)
	at java.base/java.lang.Thread.run(Thread.java:1583)
Jul 29, 2024 12:01:15 PM net.adarw.alertListner.Listener run
INFO: Disabled overdue timer with id f5df741b-cabb-47e9-b6a5-36067a8993e3
Jul 29, 2024 12:01:20 PM net.adarw.Main <init>
INFO: Initializing Server...
Jul 29, 2024 12:01:20 PM net.adarw.Main <init>
INFO: Server is active in port 8579!
Jul 29, 2024 12:02:43 PM net.adarw.Main <init>
INFO: Initializing Server...
Jul 29, 2024 12:02:44 PM net.adarw.Main <init>
INFO: Server is active in port 8579!
Jul 29, 2024 12:03:15 PM net.adarw.Main <init>
INFO: Initializing Server...
Jul 29, 2024 12:03:15 PM net.adarw.Main <init>
INFO: Server is active in port 8579!
Jul 29, 2024 12:03:33 PM net.adarw.Main <init>
INFO: Initializing Server...
Jul 29, 2024 12:03:33 PM net.adarw.Main <init>
INFO: Server is active in port 8579!
Jul 29, 2024 12:03:49 PM net.adarw.Main <init>
INFO: Initializing Server...
Jul 29, 2024 12:03:50 PM net.adarw.Main <init>
INFO: Server is active in port 8579!
Jul 29, 2024 12:04:00 PM net.adarw.Main <init>
INFO: Initializing Server...
Jul 29, 2024 12:04:01 PM net.adarw.Main <init>
INFO: Server is active in port 8579!
Jul 29, 2024 12:04:09 PM net.adarw.Main <init>
INFO: Initializing Server...
Jul 29, 2024 12:04:10 PM net.adarw.Main <init>
INFO: Server is active in port 8579!
Jul 29, 2024 12:04:51 PM net.adarw.Main <init>
INFO: Initializing Server...
Jul 29, 2024 12:04:52 PM net.adarw.Main <init>
INFO: Server is active in port 8579!
Jul 29, 2024 12:18:53 PM net.adarw.Main <init>
INFO: Initializing Server...
Jul 29, 2024 12:18:54 PM net.adarw.Main <init>
INFO: Server is active in port 8579!
Jul 29, 2024 12:19:12 PM net.adarw.Utils.StorageUtils deleteReminder
INFO: Successfully removed reminder with uuid f5df741b-cabb-47e9-b6a5-36067a8993e3
Jul 29, 2024 12:20:09 PM net.adarw.Main <init>
INFO: Initializing Server...
Jul 29, 2024 12:20:10 PM net.adarw.Main <init>
INFO: Server is active in port 8579!
Exception in thread "Thread-3" java.lang.IndexOutOfBoundsException: Index 0 out of bounds for length 0
	at java.base/jdk.internal.util.Preconditions.outOfBounds(Preconditions.java:100)
	at java.base/jdk.internal.util.Preconditions.outOfBoundsCheckIndex(Preconditions.java:106)
	at java.base/jdk.internal.util.Preconditions.checkIndex(Preconditions.java:302)
	at java.base/java.util.Objects.checkIndex(Objects.java:385)
	at java.base/java.util.ArrayList.get(ArrayList.java:427)
	at net.adarw.Main.lambda$new$1(Main.java:88)
	at java.base/java.lang.Thread.run(Thread.java:1583)
Jul 29, 2024 12:20:28 PM net.adarw.alertListner.Listener run
INFO: Disabled overdue timer with id 099818d3-0bd5-47c6-b328-8eb08fe8d225
Jul 29, 2024 12:20:28 PM net.adarw.alertListner.Listener run
INFO: Disabled overdue timer with id 59aeda91-65e0-4030-9c99-5cc1f69f8aa8
Jul 29, 2024 12:20:28 PM net.adarw.alertListner.Listener run
INFO: Disabled overdue timer with id 394d23b4-ac08-41c3-b377-9bb9839e11e3
Jul 29, 2024 12:20:28 PM net.adarw.alertListner.Listener run
INFO: Disabled overdue timer with id 38503346-1524-4cf0-9dad-c06bec5a2a8f
Jul 29, 2024 12:20:28 PM net.adarw.alertListner.Listener run
INFO: Disabled overdue timer with id 05925664-eca6-4ff7-b4ce-279b85580d9a
Jul 29, 2024 12:20:28 PM net.adarw.alertListner.Listener run
INFO: Disabled overdue timer with id da9d9e87-f2f6-4d56-a82c-d616738d722c
Jul 29, 2024 12:20:58 PM net.adarw.Main <init>
INFO: Initializing Server...
Jul 29, 2024 12:20:59 PM net.adarw.Main <init>
INFO: Server is active in port 8579!
Jul 29, 2024 12:21:21 PM net.adarw.Main <init>
INFO: Initializing Server...
Jul 29, 2024 12:21:21 PM net.adarw.Main <init>
INFO: Server is active in port 8579!
Jul 29, 2024 12:26:30 PM net.adarw.Utils.StorageUtils clearReminders
INFO: Successfully cleared all reminders!
Jul 29, 2024 12:32:45 PM net.adarw.Main <init>
INFO: Initializing Server...
Jul 29, 2024 12:32:46 PM net.adarw.Main <init>
INFO: Server is active in port 8579!
Exception in thread "Thread-3" java.lang.IndexOutOfBoundsException: Index 0 out of bounds for length 0
	at java.base/jdk.internal.util.Preconditions.outOfBounds(Preconditions.java:100)
	at java.base/jdk.internal.util.Preconditions.outOfBoundsCheckIndex(Preconditions.java:106)
	at java.base/jdk.internal.util.Preconditions.checkIndex(Preconditions.java:302)
	at java.base/java.util.Objects.checkIndex(Objects.java:385)
	at java.base/java.util.ArrayList.get(ArrayList.java:427)
	at net.adarw.Main.lambda$new$1(Main.java:88)
	at java.base/java.lang.Thread.run(Thread.java:1583)
Jul 29, 2024 12:33:05 PM net.adarw.alertListner.Listener run
INFO: Disabled overdue timer with id 099818d3-0bd5-47c6-b328-8eb08fe8d225
Jul 29, 2024 12:33:05 PM net.adarw.alertListner.Listener run
INFO: Disabled overdue timer with id 59aeda91-65e0-4030-9c99-5cc1f69f8aa8
Jul 29, 2024 12:33:05 PM net.adarw.alertListner.Listener run
INFO: Disabled overdue timer with id 394d23b4-ac08-41c3-b377-9bb9839e11e3
Jul 29, 2024 12:33:05 PM net.adarw.alertListner.Listener run
INFO: Disabled overdue timer with id 38503346-1524-4cf0-9dad-c06bec5a2a8f
Jul 29, 2024 12:33:05 PM net.adarw.alertListner.Listener run
INFO: Disabled overdue timer with id 05925664-eca6-4ff7-b4ce-279b85580d9a
Jul 29, 2024 12:33:05 PM net.adarw.alertListner.Listener run
INFO: Disabled overdue timer with id da9d9e87-f2f6-4d56-a82c-d616738d722c
